<?xml version="1.0" encoding="UTF-8"?>
<coverage generated="1773531650910" clover="3.2.0">
  <project timestamp="1773531650910" name="All files">
    <metrics statements="259" coveredstatements="255" conditionals="98" coveredconditionals="78" methods="34" coveredmethods="34" elements="391" coveredelements="367" complexity="0" loc="259" ncloc="259" packages="3" files="6" classes="6"/>
    <package name="routes">
      <metrics statements="59" coveredstatements="56" conditionals="31" coveredconditionals="25" methods="6" coveredmethods="6"/>
      <file name="provisioning.ts" path="/Users/sidmoparthi/.edgar/worktrees/609cbdcb-e2f2-48cd-b71a-a24f17d551ab/src/routes/provisioning.ts">
        <metrics statements="59" coveredstatements="56" conditionals="31" coveredconditionals="25" methods="6" coveredmethods="6"/>
        <line num="1" count="1" type="stmt"/>
        <line num="5" count="1" type="stmt"/>
        <line num="8" count="1" type="stmt"/>
        <line num="19" count="7" type="stmt"/>
        <line num="21" count="7" type="cond" truecount="4" falsecount="0"/>
        <line num="22" count="1" type="stmt"/>
        <line num="24" count="6" type="cond" truecount="1" falsecount="0"/>
        <line num="25" count="1" type="stmt"/>
        <line num="27" count="5" type="cond" truecount="3" falsecount="0"/>
        <line num="28" count="1" type="stmt"/>
        <line num="30" count="4" type="cond" truecount="3" falsecount="0"/>
        <line num="31" count="1" type="stmt"/>
        <line num="34" count="3" type="stmt"/>
        <line num="42" count="1" type="stmt"/>
        <line num="48" count="15" type="stmt"/>
        <line num="50" count="15" type="stmt"/>
        <line num="52" count="7" type="stmt"/>
        <line num="53" count="7" type="stmt"/>
        <line num="55" count="4" type="stmt"/>
        <line num="61" count="3" type="stmt"/>
        <line num="63" count="3" type="cond" truecount="0" falsecount="1"/>
        <line num="64" count="0" type="stmt"/>
        <line num="65" count="0" type="stmt"/>
        <line num="67" count="0" type="stmt"/>
        <line num="75" count="3" type="stmt"/>
        <line num="79" count="3" type="stmt"/>
        <line num="80" count="3" type="stmt"/>
        <line num="86" count="1" type="stmt"/>
        <line num="87" count="1" type="stmt"/>
        <line num="89" count="2" type="cond" truecount="1" falsecount="0"/>
        <line num="90" count="1" type="stmt"/>
        <line num="96" count="1" type="stmt"/>
        <line num="105" count="15" type="stmt"/>
        <line num="106" count="4" type="stmt"/>
        <line num="107" count="4" type="stmt"/>
        <line num="109" count="4" type="cond" truecount="3" falsecount="0"/>
        <line num="110" count="2" type="stmt"/>
        <line num="115" count="2" type="stmt"/>
        <line num="116" count="2" type="stmt"/>
        <line num="117" count="1" type="stmt"/>
        <line num="119" count="1" type="cond" truecount="1" falsecount="1"/>
        <line num="123" count="15" type="stmt"/>
        <line num="124" count="4" type="stmt"/>
        <line num="125" count="4" type="stmt"/>
        <line num="126" count="4" type="stmt"/>
        <line num="127" count="4" type="stmt"/>
        <line num="134" count="4" type="cond" truecount="1" falsecount="0"/>
        <line num="135" count="1" type="stmt"/>
        <line num="138" count="3" type="stmt"/>
        <line num="140" count="3" type="stmt"/>
        <line num="148" count="3" type="stmt"/>
        <line num="156" count="2" type="stmt"/>
        <line num="159" count="3" type="cond" truecount="2" falsecount="0"/>
        <line num="160" count="1" type="stmt"/>
        <line num="161" count="2" type="cond" truecount="2" falsecount="0"/>
        <line num="162" count="1" type="stmt"/>
        <line num="164" count="1" type="stmt"/>
        <line num="167" count="4" type="stmt"/>
        <line num="171" count="15" type="stmt"/>
      </file>
    </package>
    <package name="services">
      <metrics statements="147" coveredstatements="146" conditionals="44" coveredconditionals="33" methods="22" coveredmethods="22"/>
      <file name="adapter-executor.ts" path="/Users/sidmoparthi/.edgar/worktrees/609cbdcb-e2f2-48cd-b71a-a24f17d551ab/src/services/adapter-executor.ts">
        <metrics statements="11" coveredstatements="11" conditionals="4" coveredconditionals="4" methods="4" coveredmethods="4"/>
        <line num="13" count="4" type="stmt"/>
        <line num="17" count="53" type="stmt"/>
        <line num="21" count="85" type="stmt"/>
        <line num="25" count="56" type="stmt"/>
        <line num="33" count="42" type="stmt"/>
        <line num="34" count="42" type="cond" truecount="1" falsecount="0"/>
        <line num="35" count="1" type="stmt"/>
        <line num="43" count="41" type="stmt"/>
        <line num="44" count="41" type="stmt"/>
        <line num="45" count="32" type="stmt"/>
        <line num="47" count="9" type="stmt"/>
      </file>
      <file name="credential-resolver.ts" path="/Users/sidmoparthi/.edgar/worktrees/609cbdcb-e2f2-48cd-b71a-a24f17d551ab/src/services/credential-resolver.ts">
        <metrics statements="9" coveredstatements="9" conditionals="1" coveredconditionals="1" methods="2" coveredmethods="2"/>
        <line num="3" count="3" type="stmt"/>
        <line num="7" count="32" type="stmt"/>
        <line num="11" count="41" type="stmt"/>
        <line num="12" count="41" type="cond" truecount="1" falsecount="0"/>
        <line num="13" count="2" type="stmt"/>
        <line num="17" count="39" type="stmt"/>
        <line num="18" count="39" type="stmt"/>
        <line num="19" count="67" type="stmt"/>
        <line num="21" count="39" type="stmt"/>
      </file>
      <file name="provisioning-orchestrator.ts" path="/Users/sidmoparthi/.edgar/worktrees/609cbdcb-e2f2-48cd-b71a-a24f17d551ab/src/services/provisioning-orchestrator.ts">
        <metrics statements="115" coveredstatements="114" conditionals="35" coveredconditionals="24" methods="13" coveredmethods="13"/>
        <line num="2" count="2" type="stmt"/>
        <line num="3" count="2" type="stmt"/>
        <line num="28" count="85" type="stmt"/>
        <line num="30" count="53" type="stmt"/>
        <line num="31" count="85" type="stmt"/>
        <line num="32" count="35" type="cond" truecount="0" falsecount="1"/>
        <line num="33" count="0" type="stmt"/>
        <line num="38" count="53" type="stmt"/>
        <line num="39" count="53" type="stmt"/>
        <line num="41" count="53" type="stmt"/>
        <line num="42" count="85" type="stmt"/>
        <line num="43" count="85" type="stmt"/>
        <line num="46" count="53" type="stmt"/>
        <line num="47" count="85" type="stmt"/>
        <line num="48" count="35" type="stmt"/>
        <line num="49" count="35" type="cond" truecount="1" falsecount="1"/>
        <line num="53" count="53" type="stmt"/>
        <line num="54" count="53" type="stmt"/>
        <line num="55" count="85" type="cond" truecount="1" falsecount="0"/>
        <line num="58" count="53" type="stmt"/>
        <line num="59" count="53" type="stmt"/>
        <line num="60" count="83" type="stmt"/>
        <line num="61" count="83" type="stmt"/>
        <line num="62" count="83" type="cond" truecount="1" falsecount="1"/>
        <line num="63" count="33" type="cond" truecount="1" falsecount="1"/>
        <line num="64" count="33" type="stmt"/>
        <line num="65" count="33" type="cond" truecount="1" falsecount="0"/>
        <line num="69" count="53" type="cond" truecount="1" falsecount="0"/>
        <line num="70" count="1" type="stmt"/>
        <line num="73" count="83" type="stmt"/>
        <line num="74" count="83" type="stmt"/>
        <line num="77" count="2" type="stmt"/>
        <line num="81" count="29" type="stmt"/>
        <line num="88" count="29" type="stmt"/>
        <line num="89" count="29" type="stmt"/>
        <line num="90" count="29" type="stmt"/>
        <line num="91" count="29" type="stmt"/>
        <line num="95" count="32" type="cond" truecount="1" falsecount="0"/>
        <line num="96" count="1" type="stmt"/>
        <line num="99" count="31" type="stmt"/>
        <line num="100" count="47" type="cond" truecount="1" falsecount="0"/>
        <line num="101" count="1" type="stmt"/>
        <line num="106" count="30" type="stmt"/>
        <line num="113" count="29" type="stmt"/>
        <line num="114" count="29" type="stmt"/>
        <line num="115" count="29" type="stmt"/>
        <line num="121" count="29" type="stmt"/>
        <line num="123" count="29" type="stmt"/>
        <line num="133" count="43" type="stmt"/>
        <line num="134" count="43" type="stmt"/>
        <line num="135" count="43" type="cond" truecount="2" falsecount="0"/>
        <line num="136" count="20" type="stmt"/>
        <line num="142" count="23" type="cond" truecount="2" falsecount="0"/>
        <line num="143" count="10" type="stmt"/>
        <line num="150" count="13" type="stmt"/>
        <line num="158" count="43" type="stmt"/>
        <line num="167" count="75" type="stmt"/>
        <line num="168" count="75" type="stmt"/>
        <line num="169" count="75" type="stmt"/>
        <line num="176" count="75" type="stmt"/>
        <line num="184" count="23" type="stmt"/>
        <line num="185" count="23" type="stmt"/>
        <line num="186" count="23" type="stmt"/>
        <line num="188" count="23" type="stmt"/>
        <line num="189" count="38" type="stmt"/>
        <line num="191" count="38" type="stmt"/>
        <line num="192" count="38" type="stmt"/>
        <line num="193" count="16" type="cond" truecount="1" falsecount="1"/>
        <line num="196" count="38" type="stmt"/>
        <line num="201" count="37" type="stmt"/>
        <line num="206" count="37" type="stmt"/>
        <line num="208" count="37" type="cond" truecount="1" falsecount="0"/>
        <line num="209" count="7" type="stmt"/>
        <line num="210" count="7" type="stmt"/>
        <line num="215" count="30" type="stmt"/>
        <line num="216" count="30" type="stmt"/>
        <line num="219" count="15" type="stmt"/>
        <line num="226" count="20" type="stmt"/>
        <line num="227" count="20" type="stmt"/>
        <line num="228" count="20" type="stmt"/>
        <line num="229" count="20" type="stmt"/>
        <line num="240" count="20" type="cond" truecount="1" falsecount="0"/>
        <line num="241" count="2" type="stmt"/>
        <line num="244" count="20" type="stmt"/>
        <line num="247" count="20" type="cond" truecount="1" falsecount="0"/>
        <line num="248" count="2" type="stmt"/>
        <line num="249" count="2" type="cond" truecount="1" falsecount="0"/>
        <line num="250" count="2" type="stmt"/>
        <line num="251" count="2" type="stmt"/>
        <line num="257" count="2" type="stmt"/>
        <line num="258" count="2" type="stmt"/>
        <line num="277" count="32" type="stmt"/>
        <line num="279" count="29" type="stmt"/>
        <line num="280" count="27" type="stmt"/>
        <line num="282" count="27" type="stmt"/>
        <line num="283" count="27" type="stmt"/>
        <line num="285" count="7" type="cond" truecount="1" falsecount="0"/>
        <line num="287" count="6" type="stmt"/>
        <line num="288" count="8" type="stmt"/>
        <line num="289" count="8" type="stmt"/>
        <line num="292" count="6" type="stmt"/>
        <line num="293" count="6" type="stmt"/>
        <line num="300" count="1" type="stmt"/>
        <line num="305" count="1" type="stmt"/>
        <line num="308" count="20" type="stmt"/>
        <line num="309" count="20" type="stmt"/>
        <line num="310" count="20" type="stmt"/>
        <line num="311" count="13" type="stmt"/>
        <line num="312" count="13" type="stmt"/>
        <line num="314" count="7" type="cond" truecount="1" falsecount="1"/>
        <line num="315" count="7" type="stmt"/>
        <line num="316" count="7" type="stmt"/>
        <line num="317" count="7" type="stmt"/>
        <line num="319" count="20" type="stmt"/>
        <line num="320" count="20" type="stmt"/>
      </file>
      <file name="queue-manager.ts" path="/Users/sidmoparthi/.edgar/worktrees/609cbdcb-e2f2-48cd-b71a-a24f17d551ab/src/services/queue-manager.ts">
        <metrics statements="12" coveredstatements="12" conditionals="4" coveredconditionals="4" methods="3" coveredmethods="3"/>
        <line num="20" count="1" type="stmt"/>
        <line num="24" count="4" type="stmt"/>
        <line num="28" count="4" type="stmt"/>
        <line num="29" count="4" type="stmt"/>
        <line num="30" count="4" type="stmt"/>
        <line num="39" count="3" type="stmt"/>
        <line num="49" count="3" type="cond" truecount="2" falsecount="0"/>
        <line num="50" count="3" type="stmt"/>
        <line num="52" count="3" type="cond" truecount="2" falsecount="0"/>
        <line num="60" count="3" type="stmt"/>
        <line num="67" count="3" type="stmt"/>
        <line num="73" count="4" type="stmt"/>
      </file>
    </package>
    <package name="validation">
      <metrics statements="53" coveredstatements="53" conditionals="23" coveredconditionals="20" methods="6" coveredmethods="6"/>
      <file name="provisioning-validator.ts" path="/Users/sidmoparthi/.edgar/worktrees/609cbdcb-e2f2-48cd-b71a-a24f17d551ab/src/validation/provisioning-validator.ts">
        <metrics statements="53" coveredstatements="53" conditionals="23" coveredconditionals="20" methods="6" coveredmethods="6"/>
        <line num="2" count="1" type="stmt"/>
        <line num="6" count="1" type="stmt"/>
        <line num="9" count="1" type="stmt"/>
        <line num="11" count="14" type="stmt"/>
        <line num="12" count="14" type="stmt"/>
        <line num="16" count="1" type="stmt"/>
        <line num="21" count="19" type="stmt"/>
        <line num="22" count="19" type="stmt"/>
        <line num="31" count="16" type="cond" truecount="4" falsecount="0"/>
        <line num="32" count="3" type="stmt"/>
        <line num="34" count="13" type="cond" truecount="1" falsecount="0"/>
        <line num="35" count="2" type="stmt"/>
        <line num="37" count="11" type="cond" truecount="3" falsecount="0"/>
        <line num="38" count="2" type="stmt"/>
        <line num="40" count="9" type="cond" truecount="3" falsecount="0"/>
        <line num="41" count="3" type="stmt"/>
        <line num="43" count="6" type="stmt"/>
        <line num="44" count="7" type="cond" truecount="1" falsecount="0"/>
        <line num="45" count="1" type="stmt"/>
        <line num="48" count="5" type="stmt"/>
        <line num="52" count="2" type="stmt"/>
        <line num="53" count="2" type="stmt"/>
        <line num="54" count="2" type="stmt"/>
        <line num="58" count="2" type="cond" truecount="1" falsecount="0"/>
        <line num="59" count="1" type="stmt"/>
        <line num="62" count="2" type="stmt"/>
        <line num="67" count="13" type="stmt"/>
        <line num="69" count="9" type="stmt"/>
        <line num="70" count="13" type="stmt"/>
        <line num="71" count="6" type="cond" truecount="1" falsecount="0"/>
        <line num="72" count="1" type="stmt"/>
        <line num="77" count="8" type="stmt"/>
        <line num="78" count="8" type="stmt"/>
        <line num="80" count="8" type="stmt"/>
        <line num="81" count="12" type="stmt"/>
        <line num="82" count="12" type="stmt"/>
        <line num="85" count="8" type="stmt"/>
        <line num="86" count="12" type="stmt"/>
        <line num="87" count="5" type="stmt"/>
        <line num="88" count="5" type="cond" truecount="1" falsecount="1"/>
        <line num="92" count="8" type="stmt"/>
        <line num="93" count="8" type="stmt"/>
        <line num="94" count="12" type="cond" truecount="1" falsecount="0"/>
        <line num="97" count="8" type="stmt"/>
        <line num="98" count="8" type="stmt"/>
        <line num="99" count="8" type="stmt"/>
        <line num="100" count="8" type="stmt"/>
        <line num="101" count="8" type="cond" truecount="1" falsecount="1"/>
        <line num="102" count="1" type="cond" truecount="1" falsecount="1"/>
        <line num="103" count="1" type="stmt"/>
        <line num="104" count="1" type="cond" truecount="1" falsecount="0"/>
        <line num="108" count="8" type="cond" truecount="1" falsecount="0"/>
        <line num="109" count="2" type="stmt"/>
      </file>
    </package>
  </project>
</coverage>
