{"/Users/sidmoparthi/.edgar/worktrees/609cbdcb-e2f2-48cd-b71a-a24f17d551ab/src/routes/provisioning.ts": {"path":"/Users/sidmoparthi/.edgar/worktrees/609cbdcb-e2f2-48cd-b71a-a24f17d551ab/src/routes/provisioning.ts","statementMap":{"0":{"start":{"line":42,"column":0},"end":{"line":42,"column":16}},"1":{"start":{"line":1,"column":0},"end":{"line":1,"column":52}},"2":{"start":{"line":5,"column":0},"end":{"line":5,"column":65}},"3":{"start":{"line":8,"column":27},"end":{"line":8,"column":68}},"4":{"start":{"line":19,"column":12},"end":{"line":19,"column":43}},"5":{"start":{"line":21,"column":2},"end":{"line":23,"column":3}},"6":{"start":{"line":22,"column":4},"end":{"line":22,"column":56}},"7":{"start":{"line":24,"column":2},"end":{"line":26,"column":3}},"8":{"start":{"line":25,"column":4},"end":{"line":25,"column":84}},"9":{"start":{"line":27,"column":2},"end":{"line":29,"column":3}},"10":{"start":{"line":28,"column":4},"end":{"line":28,"column":65}},"11":{"start":{"line":30,"column":2},"end":{"line":32,"column":3}},"12":{"start":{"line":31,"column":4},"end":{"line":31,"column":58}},"13":{"start":{"line":34,"column":2},"end":{"line":39,"column":4}},"14":{"start":{"line":48,"column":17},"end":{"line":48,"column":25}},"15":{"start":{"line":50,"column":2},"end":{"line":102,"column":5}},"16":{"start":{"line":52,"column":4},"end":{"line":59,"column":5}},"17":{"start":{"line":53,"column":6},"end":{"line":53,"column":46}},"18":{"start":{"line":55,"column":6},"end":{"line":58,"column":9}},"19":{"start":{"line":61,"column":61},"end":{"line":61,"column":67}},"20":{"start":{"line":63,"column":4},"end":{"line":73,"column":5}},"21":{"start":{"line":64,"column":6},"end":{"line":72,"column":7}},"22":{"start":{"line":65,"column":8},"end":{"line":65,"column":92}},"23":{"start":{"line":67,"column":8},"end":{"line":71,"column":11}},"24":{"start":{"line":75,"column":4},"end":{"line":77,"column":6}},"25":{"start":{"line":79,"column":4},"end":{"line":101,"column":5}},"26":{"start":{"line":80,"column":21},"end":{"line":84,"column":null}},"27":{"start":{"line":86,"column":6},"end":{"line":86,"column":89}},"28":{"start":{"line":87,"column":6},"end":{"line":87,"column":95}},"29":{"start":{"line":89,"column":6},"end":{"line":95,"column":7}},"30":{"start":{"line":90,"column":8},"end":{"line":94,"column":11}},"31":{"start":{"line":96,"column":6},"end":{"line":100,"column":9}},"32":{"start":{"line":105,"column":2},"end":{"line":121,"column":5}},"33":{"start":{"line":106,"column":22},"end":{"line":106,"column":32}},"34":{"start":{"line":107,"column":28},"end":{"line":107,"column":37}},"35":{"start":{"line":109,"column":4},"end":{"line":113,"column":5}},"36":{"start":{"line":110,"column":6},"end":{"line":112,"column":9}},"37":{"start":{"line":115,"column":4},"end":{"line":120,"column":5}},"38":{"start":{"line":116,"column":26},"end":{"line":116,"column":89}},"39":{"start":{"line":117,"column":6},"end":{"line":117,"column":47}},"40":{"start":{"line":119,"column":6},"end":{"line":119,"column":95}},"41":{"start":{"line":123,"column":2},"end":{"line":169,"column":5}},"42":{"start":{"line":124,"column":28},"end":{"line":124,"column":38}},"43":{"start":{"line":125,"column":19},"end":{"line":125,"column":39}},"44":{"start":{"line":126,"column":4},"end":{"line":168,"column":5}},"45":{"start":{"line":127,"column":23},"end":{"line":131,"column":null}},"46":{"start":{"line":134,"column":6},"end":{"line":136,"column":7}},"47":{"start":{"line":135,"column":8},"end":{"line":135,"column":70}},"48":{"start":{"line":138,"column":17},"end":{"line":138,"column":33}},"49":{"start":{"line":140,"column":38},"end":{"line":145,"column":null}},"50":{"start":{"line":148,"column":19},"end":{"line":157,"column":8}},"51":{"start":{"line":156,"column":68},"end":{"line":156,"column":92}},"52":{"start":{"line":159,"column":6},"end":{"line":165,"column":7}},"53":{"start":{"line":160,"column":8},"end":{"line":160,"column":42}},"54":{"start":{"line":161,"column":13},"end":{"line":165,"column":7}},"55":{"start":{"line":162,"column":8},"end":{"line":162,"column":42}},"56":{"start":{"line":164,"column":8},"end":{"line":164,"column":42}},"57":{"start":{"line":167,"column":6},"end":{"line":167,"column":23}},"58":{"start":{"line":171,"column":2},"end":{"line":171,"column":16}}},"fnMap":{"0":{"name":"validateStartRequest","decl":{"start":{"line":18,"column":9},"end":{"line":18,"column":29}},"loc":{"start":{"line":18,"column":43},"end":{"line":40,"column":1}}},"1":{"name":"createProvisioningRouter","decl":{"start":{"line":42,"column":16},"end":{"line":42,"column":40}},"loc":{"start":{"line":46,"column":35},"end":{"line":172,"column":1}}},"2":{"name":"(anonymous_2)","decl":{"start":{"line":50,"column":24},"end":{"line":50,"column":29}},"loc":{"start":{"line":50,"column":62},"end":{"line":102,"column":3}}},"3":{"name":"(anonymous_3)","decl":{"start":{"line":105,"column":34},"end":{"line":105,"column":39}},"loc":{"start":{"line":105,"column":72},"end":{"line":121,"column":3}}},"4":{"name":"(anonymous_4)","decl":{"start":{"line":123,"column":30},"end":{"line":123,"column":35}},"loc":{"start":{"line":123,"column":68},"end":{"line":169,"column":3}}},"5":{"name":"(anonymous_5)","decl":{"start":{"line":156,"column":61},"end":{"line":156,"column":62}},"loc":{"start":{"line":156,"column":68},"end":{"line":156,"column":92}}}},"branchMap":{"0":{"loc":{"start":{"line":21,"column":2},"end":{"line":23,"column":3}},"type":"if","locations":[{"start":{"line":21,"column":2},"end":{"line":23,"column":3}}]},"1":{"loc":{"start":{"line":21,"column":6},"end":{"line":21,"column":70}},"type":"binary-expr","locations":[{"start":{"line":21,"column":6},"end":{"line":21,"column":14}},{"start":{"line":21,"column":18},"end":{"line":21,"column":45}},{"start":{"line":21,"column":49},"end":{"line":21,"column":70}}]},"2":{"loc":{"start":{"line":24,"column":2},"end":{"line":26,"column":3}},"type":"if","locations":[{"start":{"line":24,"column":2},"end":{"line":26,"column":3}}]},"3":{"loc":{"start":{"line":27,"column":2},"end":{"line":29,"column":3}},"type":"if","locations":[{"start":{"line":27,"column":2},"end":{"line":29,"column":3}}]},"4":{"loc":{"start":{"line":27,"column":6},"end":{"line":27,"column":73}},"type":"binary-expr","locations":[{"start":{"line":27,"column":6},"end":{"line":27,"column":39}},{"start":{"line":27,"column":43},"end":{"line":27,"column":73}}]},"5":{"loc":{"start":{"line":30,"column":2},"end":{"line":32,"column":3}},"type":"if","locations":[{"start":{"line":30,"column":2},"end":{"line":32,"column":3}}]},"6":{"loc":{"start":{"line":30,"column":6},"end":{"line":30,"column":64}},"type":"binary-expr","locations":[{"start":{"line":30,"column":6},"end":{"line":30,"column":34}},{"start":{"line":30,"column":39},"end":{"line":30,"column":64}}]},"7":{"loc":{"start":{"line":56,"column":15},"end":{"line":56,"column":63}},"type":"cond-expr","locations":[{"start":{"line":56,"column":38},"end":{"line":56,"column":49}},{"start":{"line":56,"column":52},"end":{"line":56,"column":63}}]},"8":{"loc":{"start":{"line":63,"column":4},"end":{"line":73,"column":5}},"type":"if","locations":[{"start":{"line":63,"column":4},"end":{"line":73,"column":5}}]},"9":{"loc":{"start":{"line":68,"column":17},"end":{"line":68,"column":65}},"type":"cond-expr","locations":[{"start":{"line":68,"column":40},"end":{"line":68,"column":51}},{"start":{"line":68,"column":54},"end":{"line":68,"column":65}}]},"10":{"loc":{"start":{"line":89,"column":6},"end":{"line":95,"column":7}},"type":"if","locations":[{"start":{"line":89,"column":6},"end":{"line":95,"column":7}}]},"11":{"loc":{"start":{"line":97,"column":15},"end":{"line":97,"column":63}},"type":"cond-expr","locations":[{"start":{"line":97,"column":38},"end":{"line":97,"column":49}},{"start":{"line":97,"column":52},"end":{"line":97,"column":63}}]},"12":{"loc":{"start":{"line":109,"column":4},"end":{"line":113,"column":5}},"type":"if","locations":[{"start":{"line":109,"column":4},"end":{"line":113,"column":5}}]},"13":{"loc":{"start":{"line":109,"column":8},"end":{"line":109,"column":80}},"type":"binary-expr","locations":[{"start":{"line":109,"column":8},"end":{"line":109,"column":20}},{"start":{"line":109,"column":24},"end":{"line":109,"column":80}}]},"14":{"loc":{"start":{"line":119,"column":43},"end":{"line":119,"column":91}},"type":"cond-expr","locations":[{"start":{"line":119,"column":66},"end":{"line":119,"column":77}},{"start":{"line":119,"column":80},"end":{"line":119,"column":91}}]},"15":{"loc":{"start":{"line":134,"column":6},"end":{"line":136,"column":7}},"type":"if","locations":[{"start":{"line":134,"column":6},"end":{"line":136,"column":7}}]},"16":{"loc":{"start":{"line":155,"column":24},"end":{"line":155,"column":66}},"type":"binary-expr","locations":[{"start":{"line":155,"column":24},"end":{"line":155,"column":58}},{"start":{"line":155,"column":62},"end":{"line":155,"column":66}}]},"17":{"loc":{"start":{"line":159,"column":6},"end":{"line":165,"column":7}},"type":"if","locations":[{"start":{"line":159,"column":6},"end":{"line":165,"column":7}},{"start":{"line":161,"column":13},"end":{"line":165,"column":7}}]},"18":{"loc":{"start":{"line":161,"column":13},"end":{"line":165,"column":7}},"type":"if","locations":[{"start":{"line":161,"column":13},"end":{"line":165,"column":7}},{"start":{"line":163,"column":13},"end":{"line":165,"column":7}}]}},"s":{"0":1,"1":1,"2":1,"3":1,"4":7,"5":7,"6":1,"7":6,"8":1,"9":5,"10":1,"11":4,"12":1,"13":3,"14":15,"15":15,"16":7,"17":7,"18":4,"19":3,"20":3,"21":0,"22":0,"23":0,"24":3,"25":3,"26":3,"27":1,"28":1,"29":2,"30":1,"31":1,"32":15,"33":4,"34":4,"35":4,"36":2,"37":2,"38":2,"39":1,"40":1,"41":15,"42":4,"43":4,"44":4,"45":4,"46":4,"47":1,"48":3,"49":3,"50":3,"51":2,"52":3,"53":1,"54":2,"55":1,"56":1,"57":4,"58":15},"f":{"0":7,"1":15,"2":7,"3":4,"4":4,"5":2},"b":{"0":[1],"1":[7,6,6],"2":[1],"3":[1],"4":[5,5],"5":[1],"6":[4,4],"7":[4,0],"8":[0],"9":[0,0],"10":[1],"11":[1,0],"12":[2],"13":[4,3],"14":[1,0],"15":[1],"16":[3,2],"17":[1,2],"18":[1,1]}}
,"/Users/sidmoparthi/.edgar/worktrees/609cbdcb-e2f2-48cd-b71a-a24f17d551ab/src/services/adapter-executor.ts": {"path":"/Users/sidmoparthi/.edgar/worktrees/609cbdcb-e2f2-48cd-b71a-a24f17d551ab/src/services/adapter-executor.ts","statementMap":{"0":{"start":{"line":17,"column":4},"end":{"line":17,"column":29}},"1":{"start":{"line":21,"column":4},"end":{"line":21,"column":32}},"2":{"start":{"line":25,"column":4},"end":{"line":25,"column":35}},"3":{"start":{"line":33,"column":20},"end":{"line":33,"column":50}},"4":{"start":{"line":34,"column":4},"end":{"line":41,"column":5}},"5":{"start":{"line":35,"column":6},"end":{"line":40,"column":8}},"6":{"start":{"line":43,"column":4},"end":{"line":53,"column":5}},"7":{"start":{"line":44,"column":21},"end":{"line":44,"column":55}},"8":{"start":{"line":45,"column":6},"end":{"line":45,"column":52}},"9":{"start":{"line":47,"column":6},"end":{"line":52,"column":8}},"10":{"start":{"line":13,"column":0},"end":{"line":13,"column":13}}},"fnMap":{"0":{"name":"(anonymous_0)","decl":{"start":{"line":16,"column":2},"end":{"line":16,"column":14}},"loc":{"start":{"line":16,"column":58},"end":{"line":18,"column":3}}},"1":{"name":"(anonymous_1)","decl":{"start":{"line":20,"column":2},"end":{"line":20,"column":17}},"loc":{"start":{"line":20,"column":45},"end":{"line":22,"column":3}}},"2":{"name":"(anonymous_2)","decl":{"start":{"line":24,"column":2},"end":{"line":24,"column":12}},"loc":{"start":{"line":24,"column":25},"end":{"line":26,"column":3}}},"3":{"name":"(anonymous_3)","decl":{"start":{"line":28,"column":2},"end":{"line":28,"column":7}},"loc":{"start":{"line":31,"column":39},"end":{"line":54,"column":3}}}},"branchMap":{"0":{"loc":{"start":{"line":16,"column":14},"end":{"line":16,"column":58}},"type":"default-arg","locations":[{"start":{"line":16,"column":49},"end":{"line":16,"column":58}}]},"1":{"loc":{"start":{"line":34,"column":4},"end":{"line":41,"column":5}},"type":"if","locations":[{"start":{"line":34,"column":4},"end":{"line":41,"column":5}}]},"2":{"loc":{"start":{"line":51,"column":15},"end":{"line":51,"column":63}},"type":"cond-expr","locations":[{"start":{"line":51,"column":38},"end":{"line":51,"column":49}},{"start":{"line":51,"column":52},"end":{"line":51,"column":63}}]}},"s":{"0":53,"1":85,"2":56,"3":42,"4":42,"5":1,"6":41,"7":41,"8":32,"9":9,"10":4},"f":{"0":53,"1":85,"2":56,"3":42},"b":{"0":[53],"1":[1],"2":[8,1]}}
,"/Users/sidmoparthi/.edgar/worktrees/609cbdcb-e2f2-48cd-b71a-a24f17d551ab/src/services/credential-resolver.ts": {"path":"/Users/sidmoparthi/.edgar/worktrees/609cbdcb-e2f2-48cd-b71a-a24f17d551ab/src/services/credential-resolver.ts","statementMap":{"0":{"start":{"line":7,"column":4},"end":{"line":7,"column":23}},"1":{"start":{"line":11,"column":17},"end":{"line":11,"column":46}},"2":{"start":{"line":12,"column":4},"end":{"line":16,"column":5}},"3":{"start":{"line":13,"column":6},"end":{"line":15,"column":8}},"4":{"start":{"line":17,"column":48},"end":{"line":17,"column":50}},"5":{"start":{"line":18,"column":4},"end":{"line":20,"column":5}},"6":{"start":{"line":19,"column":6},"end":{"line":19,"column":64}},"7":{"start":{"line":21,"column":4},"end":{"line":21,"column":23}},"8":{"start":{"line":3,"column":0},"end":{"line":3,"column":13}}},"fnMap":{"0":{"name":"(anonymous_0)","decl":{"start":{"line":6,"column":2},"end":{"line":6,"column":14}},"loc":{"start":{"line":6,"column":26},"end":{"line":8,"column":3}}},"1":{"name":"(anonymous_1)","decl":{"start":{"line":10,"column":2},"end":{"line":10,"column":20}},"loc":{"start":{"line":10,"column":62},"end":{"line":22,"column":3}}}},"branchMap":{"0":{"loc":{"start":{"line":12,"column":4},"end":{"line":16,"column":5}},"type":"if","locations":[{"start":{"line":12,"column":4},"end":{"line":16,"column":5}}]}},"s":{"0":32,"1":41,"2":41,"3":2,"4":39,"5":39,"6":67,"7":39,"8":3},"f":{"0":32,"1":41},"b":{"0":[2]}}
,"/Users/sidmoparthi/.edgar/worktrees/609cbdcb-e2f2-48cd-b71a-a24f17d551ab/src/services/provisioning-orchestrator.ts": {"path":"/Users/sidmoparthi/.edgar/worktrees/609cbdcb-e2f2-48cd-b71a-a24f17d551ab/src/services/provisioning-orchestrator.ts","statementMap":{"0":{"start":{"line":2,"column":0},"end":{"line":2,"column":88}},"1":{"start":{"line":3,"column":0},"end":{"line":3,"column":65}},"2":{"start":{"line":28,"column":16},"end":{"line":28,"column":52}},"3":{"start":{"line":28,"column":44},"end":{"line":28,"column":50}},"4":{"start":{"line":30,"column":2},"end":{"line":36,"column":3}},"5":{"start":{"line":31,"column":4},"end":{"line":35,"column":5}},"6":{"start":{"line":32,"column":6},"end":{"line":34,"column":7}},"7":{"start":{"line":33,"column":8},"end":{"line":33,"column":85}},"8":{"start":{"line":38,"column":19},"end":{"line":38,"column":44}},"9":{"start":{"line":39,"column":18},"end":{"line":39,"column":45}},"10":{"start":{"line":41,"column":2},"end":{"line":44,"column":3}},"11":{"start":{"line":42,"column":4},"end":{"line":42,"column":34}},"12":{"start":{"line":43,"column":4},"end":{"line":43,"column":34}},"13":{"start":{"line":46,"column":2},"end":{"line":51,"column":3}},"14":{"start":{"line":47,"column":4},"end":{"line":50,"column":5}},"15":{"start":{"line":48,"column":6},"end":{"line":48,"column":43}},"16":{"start":{"line":49,"column":6},"end":{"line":49,"column":72}},"17":{"start":{"line":53,"column":26},"end":{"line":53,"column":28}},"18":{"start":{"line":54,"column":2},"end":{"line":56,"column":3}},"19":{"start":{"line":55,"column":4},"end":{"line":55,"column":39}},"20":{"start":{"line":55,"column":22},"end":{"line":55,"column":39}},"21":{"start":{"line":58,"column":27},"end":{"line":58,"column":29}},"22":{"start":{"line":59,"column":2},"end":{"line":67,"column":3}},"23":{"start":{"line":60,"column":20},"end":{"line":60,"column":34}},"24":{"start":{"line":61,"column":4},"end":{"line":61,"column":25}},"25":{"start":{"line":62,"column":4},"end":{"line":66,"column":5}},"26":{"start":{"line":63,"column":21},"end":{"line":63,"column":50}},"27":{"start":{"line":64,"column":6},"end":{"line":64,"column":33}},"28":{"start":{"line":65,"column":6},"end":{"line":65,"column":41}},"29":{"start":{"line":65,"column":24},"end":{"line":65,"column":41}},"30":{"start":{"line":69,"column":2},"end":{"line":71,"column":3}},"31":{"start":{"line":70,"column":4},"end":{"line":70,"column":72}},"32":{"start":{"line":73,"column":24},"end":{"line":73,"column":65}},"33":{"start":{"line":73,"column":52},"end":{"line":73,"column":63}},"34":{"start":{"line":74,"column":2},"end":{"line":74,"column":56}},"35":{"start":{"line":74,"column":30},"end":{"line":74,"column":54}},"36":{"start":{"line":81,"column":10},"end":{"line":81,"column":64}},"37":{"start":{"line":88,"column":4},"end":{"line":88,"column":21}},"38":{"start":{"line":89,"column":4},"end":{"line":89,"column":49}},"39":{"start":{"line":90,"column":4},"end":{"line":90,"column":43}},"40":{"start":{"line":91,"column":4},"end":{"line":91,"column":19}},"41":{"start":{"line":95,"column":4},"end":{"line":97,"column":5}},"42":{"start":{"line":96,"column":6},"end":{"line":96,"column":60}},"43":{"start":{"line":99,"column":4},"end":{"line":103,"column":5}},"44":{"start":{"line":100,"column":6},"end":{"line":102,"column":7}},"45":{"start":{"line":101,"column":8},"end":{"line":101,"column":60}},"46":{"start":{"line":106,"column":4},"end":{"line":106,"column":30}},"47":{"start":{"line":113,"column":19},"end":{"line":113,"column":44}},"48":{"start":{"line":114,"column":4},"end":{"line":124,"column":5}},"49":{"start":{"line":115,"column":21},"end":{"line":119,"column":null}},"50":{"start":{"line":121,"column":6},"end":{"line":121,"column":41}},"51":{"start":{"line":123,"column":6},"end":{"line":123,"column":23}},"52":{"start":{"line":133,"column":19},"end":{"line":133,"column":44}},"53":{"start":{"line":134,"column":4},"end":{"line":159,"column":5}},"54":{"start":{"line":135,"column":6},"end":{"line":156,"column":7}},"55":{"start":{"line":136,"column":8},"end":{"line":141,"column":10}},"56":{"start":{"line":142,"column":13},"end":{"line":156,"column":7}},"57":{"start":{"line":143,"column":8},"end":{"line":148,"column":10}},"58":{"start":{"line":150,"column":8},"end":{"line":155,"column":10}},"59":{"start":{"line":158,"column":6},"end":{"line":158,"column":23}},"60":{"start":{"line":167,"column":19},"end":{"line":167,"column":44}},"61":{"start":{"line":168,"column":4},"end":{"line":177,"column":5}},"62":{"start":{"line":169,"column":6},"end":{"line":174,"column":8}},"63":{"start":{"line":176,"column":6},"end":{"line":176,"column":23}},"64":{"start":{"line":184,"column":19},"end":{"line":184,"column":44}},"65":{"start":{"line":185,"column":37},"end":{"line":185,"column":39}},"66":{"start":{"line":186,"column":61},"end":{"line":186,"column":63}},"67":{"start":{"line":188,"column":4},"end":{"line":217,"column":5}},"68":{"start":{"line":189,"column":6},"end":{"line":189,"column":80}},"69":{"start":{"line":191,"column":46},"end":{"line":191,"column":48}},"70":{"start":{"line":192,"column":6},"end":{"line":194,"column":7}},"71":{"start":{"line":193,"column":8},"end":{"line":193,"column":50}},"72":{"start":{"line":196,"column":26},"end":{"line":198,"column":null}},"73":{"start":{"line":201,"column":21},"end":{"line":204,"column":null}},"74":{"start":{"line":206,"column":6},"end":{"line":206,"column":27}},"75":{"start":{"line":208,"column":6},"end":{"line":213,"column":7}},"76":{"start":{"line":209,"column":8},"end":{"line":209,"column":78}},"77":{"start":{"line":210,"column":8},"end":{"line":212,"column":10}},"78":{"start":{"line":215,"column":6},"end":{"line":215,"column":44}},"79":{"start":{"line":216,"column":6},"end":{"line":216,"column":79}},"80":{"start":{"line":219,"column":4},"end":{"line":219,"column":19}},"81":{"start":{"line":226,"column":19},"end":{"line":226,"column":44}},"82":{"start":{"line":227,"column":37},"end":{"line":227,"column":41}},"83":{"start":{"line":228,"column":4},"end":{"line":245,"column":5}},"84":{"start":{"line":229,"column":21},"end":{"line":238,"column":null}},"85":{"start":{"line":240,"column":6},"end":{"line":242,"column":7}},"86":{"start":{"line":241,"column":8},"end":{"line":241,"column":60}},"87":{"start":{"line":244,"column":6},"end":{"line":244,"column":23}},"88":{"start":{"line":247,"column":4},"end":{"line":268,"column":5}},"89":{"start":{"line":248,"column":18},"end":{"line":248,"column":53}},"90":{"start":{"line":249,"column":6},"end":{"line":267,"column":7}},"91":{"start":{"line":250,"column":8},"end":{"line":250,"column":47}},"92":{"start":{"line":251,"column":8},"end":{"line":266,"column":11}},"93":{"start":{"line":257,"column":10},"end":{"line":265,"column":11}},"94":{"start":{"line":258,"column":12},"end":{"line":262,"column":14}},"95":{"start":{"line":277,"column":4},"end":{"line":277,"column":50}},"96":{"start":{"line":279,"column":24},"end":{"line":279,"column":70}},"97":{"start":{"line":280,"column":32},"end":{"line":280,"column":36}},"98":{"start":{"line":282,"column":4},"end":{"line":306,"column":5}},"99":{"start":{"line":283,"column":6},"end":{"line":283,"column":62}},"100":{"start":{"line":285,"column":6},"end":{"line":299,"column":7}},"101":{"start":{"line":287,"column":8},"end":{"line":290,"column":9}},"102":{"start":{"line":287,"column":21},"end":{"line":287,"column":22}},"103":{"start":{"line":288,"column":26},"end":{"line":288,"column":44}},"104":{"start":{"line":289,"column":10},"end":{"line":289,"column":83}},"105":{"start":{"line":292,"column":8},"end":{"line":292,"column":94}},"106":{"start":{"line":293,"column":8},"end":{"line":298,"column":10}},"107":{"start":{"line":300,"column":6},"end":{"line":304,"column":8}},"108":{"start":{"line":305,"column":6},"end":{"line":305,"column":16}},"109":{"start":{"line":308,"column":4},"end":{"line":321,"column":5}},"110":{"start":{"line":309,"column":6},"end":{"line":309,"column":85}},"111":{"start":{"line":310,"column":29},"end":{"line":310,"column":92}},"112":{"start":{"line":311,"column":6},"end":{"line":311,"column":65}},"113":{"start":{"line":312,"column":6},"end":{"line":312,"column":66}},"114":{"start":{"line":314,"column":26},"end":{"line":314,"column":74}},"115":{"start":{"line":315,"column":27},"end":{"line":315,"column":108}},"116":{"start":{"line":316,"column":6},"end":{"line":316,"column":76}},"117":{"start":{"line":317,"column":6},"end":{"line":317,"column":88}},"118":{"start":{"line":319,"column":6},"end":{"line":319,"column":32}},"119":{"start":{"line":320,"column":6},"end":{"line":320,"column":50}},"120":{"start":{"line":77,"column":0},"end":{"line":77,"column":13}}},"fnMap":{"0":{"name":"topologicalSort","decl":{"start":{"line":27,"column":9},"end":{"line":27,"column":24}},"loc":{"start":{"line":27,"column":54},"end":{"line":75,"column":1}}},"1":{"name":"(anonymous_1)","decl":{"start":{"line":28,"column":37},"end":{"line":28,"column":38}},"loc":{"start":{"line":28,"column":44},"end":{"line":28,"column":50}}},"2":{"name":"(anonymous_2)","decl":{"start":{"line":73,"column":45},"end":{"line":73,"column":46}},"loc":{"start":{"line":73,"column":52},"end":{"line":73,"column":63}}},"3":{"name":"(anonymous_3)","decl":{"start":{"line":74,"column":20},"end":{"line":74,"column":21}},"loc":{"start":{"line":74,"column":30},"end":{"line":74,"column":54}}},"4":{"name":"(anonymous_4)","decl":{"start":{"line":83,"column":2},"end":{"line":83,"column":null}},"loc":{"start":{"line":86,"column":36},"end":{"line":92,"column":3}}},"5":{"name":"(anonymous_5)","decl":{"start":{"line":94,"column":10},"end":{"line":94,"column":33}},"loc":{"start":{"line":94,"column":63},"end":{"line":107,"column":3}}},"6":{"name":"(anonymous_6)","decl":{"start":{"line":109,"column":10},"end":{"line":109,"column":15}},"loc":{"start":{"line":111,"column":23},"end":{"line":125,"column":3}}},"7":{"name":"(anonymous_7)","decl":{"start":{"line":127,"column":10},"end":{"line":127,"column":15}},"loc":{"start":{"line":131,"column":32},"end":{"line":160,"column":3}}},"8":{"name":"(anonymous_8)","decl":{"start":{"line":162,"column":10},"end":{"line":162,"column":15}},"loc":{"start":{"line":165,"column":49},"end":{"line":178,"column":3}}},"9":{"name":"(anonymous_9)","decl":{"start":{"line":180,"column":2},"end":{"line":180,"column":7}},"loc":{"start":{"line":182,"column":33},"end":{"line":220,"column":3}}},"10":{"name":"(anonymous_10)","decl":{"start":{"line":222,"column":10},"end":{"line":222,"column":15}},"loc":{"start":{"line":224,"column":23},"end":{"line":269,"column":3}}},"11":{"name":"(anonymous_11)","decl":{"start":{"line":256,"column":16},"end":{"line":256,"column":21}},"loc":{"start":{"line":256,"column":30},"end":{"line":266,"column":9}}},"12":{"name":"(anonymous_12)","decl":{"start":{"line":271,"column":2},"end":{"line":271,"column":7}},"loc":{"start":{"line":275,"column":19},"end":{"line":322,"column":3}}}},"branchMap":{"0":{"loc":{"start":{"line":32,"column":6},"end":{"line":34,"column":7}},"type":"if","locations":[{"start":{"line":32,"column":6},"end":{"line":34,"column":7}}]},"1":{"loc":{"start":{"line":49,"column":34},"end":{"line":49,"column":65}},"type":"binary-expr","locations":[{"start":{"line":49,"column":34},"end":{"line":49,"column":60}},{"start":{"line":49,"column":64},"end":{"line":49,"column":65}}]},"2":{"loc":{"start":{"line":55,"column":4},"end":{"line":55,"column":39}},"type":"if","locations":[{"start":{"line":55,"column":4},"end":{"line":55,"column":39}}]},"3":{"loc":{"start":{"line":62,"column":23},"end":{"line":62,"column":49}},"type":"binary-expr","locations":[{"start":{"line":62,"column":23},"end":{"line":62,"column":43}},{"start":{"line":62,"column":47},"end":{"line":62,"column":49}}]},"4":{"loc":{"start":{"line":63,"column":22},"end":{"line":63,"column":45}},"type":"binary-expr","locations":[{"start":{"line":63,"column":22},"end":{"line":63,"column":40}},{"start":{"line":63,"column":44},"end":{"line":63,"column":45}}]},"5":{"loc":{"start":{"line":65,"column":6},"end":{"line":65,"column":41}},"type":"if","locations":[{"start":{"line":65,"column":6},"end":{"line":65,"column":41}}]},"6":{"loc":{"start":{"line":69,"column":2},"end":{"line":71,"column":3}},"type":"if","locations":[{"start":{"line":69,"column":2},"end":{"line":71,"column":3}}]},"7":{"loc":{"start":{"line":95,"column":4},"end":{"line":97,"column":5}},"type":"if","locations":[{"start":{"line":95,"column":4},"end":{"line":97,"column":5}}]},"8":{"loc":{"start":{"line":100,"column":6},"end":{"line":102,"column":7}},"type":"if","locations":[{"start":{"line":100,"column":6},"end":{"line":102,"column":7}}]},"9":{"loc":{"start":{"line":135,"column":6},"end":{"line":156,"column":7}},"type":"if","locations":[{"start":{"line":135,"column":6},"end":{"line":156,"column":7}},{"start":{"line":142,"column":13},"end":{"line":156,"column":7}}]},"10":{"loc":{"start":{"line":140,"column":19},"end":{"line":140,"column":47}},"type":"binary-expr","locations":[{"start":{"line":140,"column":19},"end":{"line":140,"column":33}},{"start":{"line":140,"column":37},"end":{"line":140,"column":47}}]},"11":{"loc":{"start":{"line":142,"column":13},"end":{"line":156,"column":7}},"type":"if","locations":[{"start":{"line":142,"column":13},"end":{"line":156,"column":7}},{"start":{"line":149,"column":13},"end":{"line":156,"column":7}}]},"12":{"loc":{"start":{"line":147,"column":19},"end":{"line":147,"column":39}},"type":"binary-expr","locations":[{"start":{"line":147,"column":19},"end":{"line":147,"column":31}},{"start":{"line":147,"column":35},"end":{"line":147,"column":39}}]},"13":{"loc":{"start":{"line":193,"column":30},"end":{"line":193,"column":48}},"type":"binary-expr","locations":[{"start":{"line":193,"column":30},"end":{"line":193,"column":42}},{"start":{"line":193,"column":46},"end":{"line":193,"column":48}}]},"14":{"loc":{"start":{"line":208,"column":6},"end":{"line":213,"column":7}},"type":"if","locations":[{"start":{"line":208,"column":6},"end":{"line":213,"column":7}}]},"15":{"loc":{"start":{"line":211,"column":81},"end":{"line":211,"column":112}},"type":"binary-expr","locations":[{"start":{"line":211,"column":81},"end":{"line":211,"column":93}},{"start":{"line":211,"column":97},"end":{"line":211,"column":112}}]},"16":{"loc":{"start":{"line":240,"column":6},"end":{"line":242,"column":7}},"type":"if","locations":[{"start":{"line":240,"column":6},"end":{"line":242,"column":7}}]},"17":{"loc":{"start":{"line":247,"column":4},"end":{"line":268,"column":5}},"type":"if","locations":[{"start":{"line":247,"column":4},"end":{"line":268,"column":5}}]},"18":{"loc":{"start":{"line":249,"column":6},"end":{"line":267,"column":7}},"type":"if","locations":[{"start":{"line":249,"column":6},"end":{"line":267,"column":7}}]},"19":{"loc":{"start":{"line":261,"column":42},"end":{"line":261,"column":90}},"type":"cond-expr","locations":[{"start":{"line":261,"column":65},"end":{"line":261,"column":76}},{"start":{"line":261,"column":79},"end":{"line":261,"column":90}}]},"20":{"loc":{"start":{"line":285,"column":6},"end":{"line":299,"column":7}},"type":"if","locations":[{"start":{"line":285,"column":6},"end":{"line":299,"column":7}}]},"21":{"loc":{"start":{"line":303,"column":8},"end":{"line":303,"column":56}},"type":"cond-expr","locations":[{"start":{"line":303,"column":31},"end":{"line":303,"column":42}},{"start":{"line":303,"column":45},"end":{"line":303,"column":56}}]},"22":{"loc":{"start":{"line":314,"column":26},"end":{"line":314,"column":74}},"type":"cond-expr","locations":[{"start":{"line":314,"column":49},"end":{"line":314,"column":60}},{"start":{"line":314,"column":63},"end":{"line":314,"column":74}}]}},"s":{"0":2,"1":2,"2":53,"3":85,"4":53,"5":85,"6":35,"7":0,"8":53,"9":53,"10":53,"11":85,"12":85,"13":53,"14":85,"15":35,"16":35,"17":53,"18":53,"19":85,"20":54,"21":53,"22":53,"23":83,"24":83,"25":83,"26":33,"27":33,"28":33,"29":29,"30":53,"31":1,"32":52,"33":83,"34":52,"35":83,"36":29,"37":29,"38":29,"39":29,"40":29,"41":32,"42":1,"43":31,"44":47,"45":1,"46":30,"47":29,"48":29,"49":29,"50":29,"51":29,"52":43,"53":43,"54":43,"55":20,"56":23,"57":10,"58":13,"59":43,"60":75,"61":75,"62":75,"63":75,"64":23,"65":23,"66":23,"67":23,"68":38,"69":38,"70":38,"71":16,"72":38,"73":37,"74":37,"75":37,"76":7,"77":7,"78":30,"79":30,"80":15,"81":20,"82":20,"83":20,"84":20,"85":20,"86":2,"87":20,"88":20,"89":2,"90":2,"91":2,"92":2,"93":2,"94":2,"95":32,"96":29,"97":27,"98":27,"99":27,"100":7,"101":6,"102":6,"103":8,"104":8,"105":6,"106":6,"107":1,"108":1,"109":20,"110":20,"111":20,"112":13,"113":13,"114":7,"115":7,"116":7,"117":7,"118":20,"119":20,"120":2},"f":{"0":53,"1":85,"2":83,"3":83,"4":29,"5":32,"6":29,"7":43,"8":75,"9":23,"10":20,"11":2,"12":32},"b":{"0":[0],"1":[35,0],"2":[54],"3":[83,0],"4":[33,0],"5":[29],"6":[1],"7":[1],"8":[1],"9":[20,23],"10":[20,0],"11":[10,13],"12":[10,0],"13":[16,0],"14":[7],"15":[7,0],"16":[2],"17":[2],"18":[2],"19":[2,0],"20":[6],"21":[1,0],"22":[7,0]}}
,"/Users/sidmoparthi/.edgar/worktrees/609cbdcb-e2f2-48cd-b71a-a24f17d551ab/src/services/queue-manager.ts": {"path":"/Users/sidmoparthi/.edgar/worktrees/609cbdcb-e2f2-48cd-b71a-a24f17d551ab/src/services/queue-manager.ts","statementMap":{"0":{"start":{"line":24,"column":4},"end":{"line":24,"column":21}},"1":{"start":{"line":28,"column":19},"end":{"line":28,"column":44}},"2":{"start":{"line":29,"column":4},"end":{"line":74,"column":5}},"3":{"start":{"line":30,"column":28},"end":{"line":36,"column":null}},"4":{"start":{"line":39,"column":27},"end":{"line":46,"column":null}},"5":{"start":{"line":49,"column":25},"end":{"line":49,"column":54}},"6":{"start":{"line":50,"column":25},"end":{"line":50,"column":42}},"7":{"start":{"line":52,"column":31},"end":{"line":58,"column":14}},"8":{"start":{"line":60,"column":54},"end":{"line":65,"column":9}},"9":{"start":{"line":60,"column":84},"end":{"line":65,"column":8}},"10":{"start":{"line":67,"column":6},"end":{"line":71,"column":8}},"11":{"start":{"line":73,"column":6},"end":{"line":73,"column":23}},"12":{"start":{"line":20,"column":0},"end":{"line":20,"column":13}}},"fnMap":{"0":{"name":"(anonymous_0)","decl":{"start":{"line":23,"column":2},"end":{"line":23,"column":14}},"loc":{"start":{"line":23,"column":24},"end":{"line":25,"column":3}}},"1":{"name":"(anonymous_1)","decl":{"start":{"line":27,"column":2},"end":{"line":27,"column":7}},"loc":{"start":{"line":27,"column":57},"end":{"line":75,"column":3}}},"2":{"name":"(anonymous_2)","decl":{"start":{"line":60,"column":69},"end":{"line":60,"column":70}},"loc":{"start":{"line":60,"column":84},"end":{"line":65,"column":8}}}},"branchMap":{"0":{"loc":{"start":{"line":49,"column":25},"end":{"line":49,"column":54}},"type":"binary-expr","locations":[{"start":{"line":49,"column":25},"end":{"line":49,"column":46}},{"start":{"line":49,"column":50},"end":{"line":49,"column":54}}]},"1":{"loc":{"start":{"line":52,"column":31},"end":{"line":58,"column":14}},"type":"cond-expr","locations":[{"start":{"line":53,"column":10},"end":{"line":57,"column":null}},{"start":{"line":58,"column":10},"end":{"line":58,"column":14}}]}},"s":{"0":4,"1":4,"2":4,"3":4,"4":3,"5":3,"6":3,"7":3,"8":3,"9":2,"10":3,"11":4,"12":1},"f":{"0":4,"1":4,"2":2},"b":{"0":[3,2],"1":[1,2]}}
,"/Users/sidmoparthi/.edgar/worktrees/609cbdcb-e2f2-48cd-b71a-a24f17d551ab/src/validation/provisioning-validator.ts": {"path":"/Users/sidmoparthi/.edgar/worktrees/609cbdcb-e2f2-48cd-b71a-a24f17d551ab/src/validation/provisioning-validator.ts","statementMap":{"0":{"start":{"line":2,"column":0},"end":{"line":2,"column":53}},"1":{"start":{"line":6,"column":27},"end":{"line":6,"column":68}},"2":{"start":{"line":11,"column":4},"end":{"line":11,"column":19}},"3":{"start":{"line":12,"column":4},"end":{"line":12,"column":34}},"4":{"start":{"line":9,"column":0},"end":{"line":9,"column":13}},"5":{"start":{"line":21,"column":4},"end":{"line":21,"column":21}},"6":{"start":{"line":22,"column":4},"end":{"line":22,"column":43}},"7":{"start":{"line":31,"column":4},"end":{"line":33,"column":5}},"8":{"start":{"line":32,"column":6},"end":{"line":32,"column":68}},"9":{"start":{"line":34,"column":4},"end":{"line":36,"column":5}},"10":{"start":{"line":35,"column":6},"end":{"line":35,"column":96}},"11":{"start":{"line":37,"column":4},"end":{"line":39,"column":5}},"12":{"start":{"line":38,"column":6},"end":{"line":38,"column":77}},"13":{"start":{"line":40,"column":4},"end":{"line":42,"column":5}},"14":{"start":{"line":41,"column":6},"end":{"line":41,"column":70}},"15":{"start":{"line":43,"column":4},"end":{"line":47,"column":5}},"16":{"start":{"line":44,"column":6},"end":{"line":46,"column":7}},"17":{"start":{"line":45,"column":8},"end":{"line":45,"column":70}},"18":{"start":{"line":48,"column":4},"end":{"line":48,"column":71}},"19":{"start":{"line":52,"column":19},"end":{"line":52,"column":44}},"20":{"start":{"line":53,"column":4},"end":{"line":63,"column":5}},"21":{"start":{"line":54,"column":21},"end":{"line":56,"column":null}},"22":{"start":{"line":58,"column":6},"end":{"line":60,"column":7}},"23":{"start":{"line":59,"column":8},"end":{"line":59,"column":59}},"24":{"start":{"line":62,"column":6},"end":{"line":62,"column":23}},"25":{"start":{"line":67,"column":18},"end":{"line":67,"column":61}},"26":{"start":{"line":67,"column":53},"end":{"line":67,"column":59}},"27":{"start":{"line":69,"column":4},"end":{"line":75,"column":5}},"28":{"start":{"line":70,"column":6},"end":{"line":74,"column":7}},"29":{"start":{"line":71,"column":8},"end":{"line":73,"column":9}},"30":{"start":{"line":72,"column":10},"end":{"line":72,"column":97}},"31":{"start":{"line":77,"column":21},"end":{"line":77,"column":46}},"32":{"start":{"line":78,"column":20},"end":{"line":78,"column":47}},"33":{"start":{"line":80,"column":4},"end":{"line":83,"column":5}},"34":{"start":{"line":81,"column":6},"end":{"line":81,"column":36}},"35":{"start":{"line":82,"column":6},"end":{"line":82,"column":36}},"36":{"start":{"line":85,"column":4},"end":{"line":90,"column":5}},"37":{"start":{"line":86,"column":6},"end":{"line":89,"column":7}},"38":{"start":{"line":87,"column":8},"end":{"line":87,"column":45}},"39":{"start":{"line":88,"column":8},"end":{"line":88,"column":74}},"40":{"start":{"line":92,"column":28},"end":{"line":92,"column":30}},"41":{"start":{"line":93,"column":4},"end":{"line":95,"column":5}},"42":{"start":{"line":94,"column":6},"end":{"line":94,"column":41}},"43":{"start":{"line":94,"column":24},"end":{"line":94,"column":41}},"44":{"start":{"line":97,"column":16},"end":{"line":97,"column":17}},"45":{"start":{"line":98,"column":4},"end":{"line":106,"column":5}},"46":{"start":{"line":99,"column":22},"end":{"line":99,"column":36}},"47":{"start":{"line":100,"column":6},"end":{"line":100,"column":14}},"48":{"start":{"line":101,"column":6},"end":{"line":105,"column":7}},"49":{"start":{"line":102,"column":23},"end":{"line":102,"column":52}},"50":{"start":{"line":103,"column":8},"end":{"line":103,"column":35}},"51":{"start":{"line":104,"column":8},"end":{"line":104,"column":43}},"52":{"start":{"line":104,"column":26},"end":{"line":104,"column":43}},"53":{"start":{"line":108,"column":4},"end":{"line":110,"column":5}},"54":{"start":{"line":109,"column":6},"end":{"line":109,"column":84}},"55":{"start":{"line":16,"column":0},"end":{"line":16,"column":13}}},"fnMap":{"0":{"name":"(anonymous_0)","decl":{"start":{"line":10,"column":2},"end":{"line":10,"column":14}},"loc":{"start":{"line":10,"column":29},"end":{"line":13,"column":3}}},"1":{"name":"(anonymous_1)","decl":{"start":{"line":20,"column":2},"end":{"line":20,"column":14}},"loc":{"start":{"line":20,"column":58},"end":{"line":23,"column":3}}},"2":{"name":"(anonymous_2)","decl":{"start":{"line":25,"column":2},"end":{"line":25,"column":29}},"loc":{"start":{"line":29,"column":20},"end":{"line":49,"column":3}}},"3":{"name":"(anonymous_3)","decl":{"start":{"line":51,"column":2},"end":{"line":51,"column":7}},"loc":{"start":{"line":51,"column":74},"end":{"line":64,"column":3}}},"4":{"name":"(anonymous_4)","decl":{"start":{"line":66,"column":2},"end":{"line":66,"column":23}},"loc":{"start":{"line":66,"column":60},"end":{"line":111,"column":3}}},"5":{"name":"(anonymous_5)","decl":{"start":{"line":67,"column":46},"end":{"line":67,"column":47}},"loc":{"start":{"line":67,"column":53},"end":{"line":67,"column":59}}}},"branchMap":{"0":{"loc":{"start":{"line":31,"column":4},"end":{"line":33,"column":5}},"type":"if","locations":[{"start":{"line":31,"column":4},"end":{"line":33,"column":5}}]},"1":{"loc":{"start":{"line":31,"column":8},"end":{"line":31,"column":78}},"type":"binary-expr","locations":[{"start":{"line":31,"column":8},"end":{"line":31,"column":14}},{"start":{"line":31,"column":18},"end":{"line":31,"column":43}},{"start":{"line":31,"column":48},"end":{"line":31,"column":78}}]},"2":{"loc":{"start":{"line":34,"column":4},"end":{"line":36,"column":5}},"type":"if","locations":[{"start":{"line":34,"column":4},"end":{"line":36,"column":5}}]},"3":{"loc":{"start":{"line":37,"column":4},"end":{"line":39,"column":5}},"type":"if","locations":[{"start":{"line":37,"column":4},"end":{"line":39,"column":5}}]},"4":{"loc":{"start":{"line":37,"column":8},"end":{"line":37,"column":71}},"type":"binary-expr","locations":[{"start":{"line":37,"column":8},"end":{"line":37,"column":39}},{"start":{"line":37,"column":43},"end":{"line":37,"column":71}}]},"5":{"loc":{"start":{"line":40,"column":4},"end":{"line":42,"column":5}},"type":"if","locations":[{"start":{"line":40,"column":4},"end":{"line":42,"column":5}}]},"6":{"loc":{"start":{"line":40,"column":8},"end":{"line":40,"column":62}},"type":"binary-expr","locations":[{"start":{"line":40,"column":8},"end":{"line":40,"column":34}},{"start":{"line":40,"column":39},"end":{"line":40,"column":62}}]},"7":{"loc":{"start":{"line":44,"column":6},"end":{"line":46,"column":7}},"type":"if","locations":[{"start":{"line":44,"column":6},"end":{"line":46,"column":7}}]},"8":{"loc":{"start":{"line":58,"column":6},"end":{"line":60,"column":7}},"type":"if","locations":[{"start":{"line":58,"column":6},"end":{"line":60,"column":7}}]},"9":{"loc":{"start":{"line":71,"column":8},"end":{"line":73,"column":9}},"type":"if","locations":[{"start":{"line":71,"column":8},"end":{"line":73,"column":9}}]},"10":{"loc":{"start":{"line":88,"column":36},"end":{"line":88,"column":67}},"type":"binary-expr","locations":[{"start":{"line":88,"column":36},"end":{"line":88,"column":62}},{"start":{"line":88,"column":66},"end":{"line":88,"column":67}}]},"11":{"loc":{"start":{"line":94,"column":6},"end":{"line":94,"column":41}},"type":"if","locations":[{"start":{"line":94,"column":6},"end":{"line":94,"column":41}}]},"12":{"loc":{"start":{"line":101,"column":25},"end":{"line":101,"column":51}},"type":"binary-expr","locations":[{"start":{"line":101,"column":25},"end":{"line":101,"column":45}},{"start":{"line":101,"column":49},"end":{"line":101,"column":51}}]},"13":{"loc":{"start":{"line":102,"column":24},"end":{"line":102,"column":47}},"type":"binary-expr","locations":[{"start":{"line":102,"column":24},"end":{"line":102,"column":42}},{"start":{"line":102,"column":46},"end":{"line":102,"column":47}}]},"14":{"loc":{"start":{"line":104,"column":8},"end":{"line":104,"column":43}},"type":"if","locations":[{"start":{"line":104,"column":8},"end":{"line":104,"column":43}}]},"15":{"loc":{"start":{"line":108,"column":4},"end":{"line":110,"column":5}},"type":"if","locations":[{"start":{"line":108,"column":4},"end":{"line":110,"column":5}}]}},"s":{"0":1,"1":1,"2":14,"3":14,"4":1,"5":19,"6":19,"7":16,"8":3,"9":13,"10":2,"11":11,"12":2,"13":9,"14":3,"15":6,"16":7,"17":1,"18":5,"19":2,"20":2,"21":2,"22":2,"23":1,"24":2,"25":9,"26":13,"27":9,"28":13,"29":6,"30":1,"31":8,"32":8,"33":8,"34":12,"35":12,"36":8,"37":12,"38":5,"39":5,"40":8,"41":8,"42":12,"43":7,"44":8,"45":8,"46":8,"47":8,"48":8,"49":1,"50":1,"51":1,"52":1,"53":8,"54":2,"55":1},"f":{"0":14,"1":19,"2":16,"3":2,"4":9,"5":13},"b":{"0":[3],"1":[16,14,14],"2":[2],"3":[2],"4":[11,10],"5":[3],"6":[9,8],"7":[1],"8":[1],"9":[1],"10":[5,0],"11":[7],"12":[8,0],"13":[1,0],"14":[1],"15":[2]}}
}
