TN:
SF:src/routes/provisioning.ts
FN:18,validateStartRequest
FN:42,createProvisioningRouter
FN:50,(anonymous_2)
FN:105,(anonymous_3)
FN:123,(anonymous_4)
FN:156,(anonymous_5)
FNF:6
FNH:6
FNDA:7,validateStartRequest
FNDA:15,createProvisioningRouter
FNDA:7,(anonymous_2)
FNDA:4,(anonymous_3)
FNDA:4,(anonymous_4)
FNDA:2,(anonymous_5)
DA:1,1
DA:5,1
DA:8,1
DA:19,7
DA:21,7
DA:22,1
DA:24,6
DA:25,1
DA:27,5
DA:28,1
DA:30,4
DA:31,1
DA:34,3
DA:42,1
DA:48,15
DA:50,15
DA:52,7
DA:53,7
DA:55,4
DA:61,3
DA:63,3
DA:64,0
DA:65,0
DA:67,0
DA:75,3
DA:79,3
DA:80,3
DA:86,1
DA:87,1
DA:89,2
DA:90,1
DA:96,1
DA:105,15
DA:106,4
DA:107,4
DA:109,4
DA:110,2
DA:115,2
DA:116,2
DA:117,1
DA:119,1
DA:123,15
DA:124,4
DA:125,4
DA:126,4
DA:127,4
DA:134,4
DA:135,1
DA:138,3
DA:140,3
DA:148,3
DA:156,2
DA:159,3
DA:160,1
DA:161,2
DA:162,1
DA:164,1
DA:167,4
DA:171,15
LF:59
LH:56
BRDA:21,0,0,1
BRDA:21,1,0,7
BRDA:21,1,1,6
BRDA:21,1,2,6
BRDA:24,2,0,1
BRDA:27,3,0,1
BRDA:27,4,0,5
BRDA:27,4,1,5
BRDA:30,5,0,1
BRDA:30,6,0,4
BRDA:30,6,1,4
BRDA:56,7,0,4
BRDA:56,7,1,0
BRDA:63,8,0,0
BRDA:68,9,0,0
BRDA:68,9,1,0
BRDA:89,10,0,1
BRDA:97,11,0,1
BRDA:97,11,1,0
BRDA:109,12,0,2
BRDA:109,13,0,4
BRDA:109,13,1,3
BRDA:119,14,0,1
BRDA:119,14,1,0
BRDA:134,15,0,1
BRDA:155,16,0,3
BRDA:155,16,1,2
BRDA:159,17,0,1
BRDA:159,17,1,2
BRDA:161,18,0,1
BRDA:161,18,1,1
BRF:31
BRH:25
end_of_record
TN:
SF:src/services/adapter-executor.ts
FN:16,(anonymous_0)
FN:20,(anonymous_1)
FN:24,(anonymous_2)
FN:28,(anonymous_3)
FNF:4
FNH:4
FNDA:53,(anonymous_0)
FNDA:85,(anonymous_1)
FNDA:56,(anonymous_2)
FNDA:42,(anonymous_3)
DA:13,4
DA:17,53
DA:21,85
DA:25,56
DA:33,42
DA:34,42
DA:35,1
DA:43,41
DA:44,41
DA:45,32
DA:47,9
LF:11
LH:11
BRDA:16,0,0,53
BRDA:34,1,0,1
BRDA:51,2,0,8
BRDA:51,2,1,1
BRF:4
BRH:4
end_of_record
TN:
SF:src/services/credential-resolver.ts
FN:6,(anonymous_0)
FN:10,(anonymous_1)
FNF:2
FNH:2
FNDA:32,(anonymous_0)
FNDA:41,(anonymous_1)
DA:3,3
DA:7,32
DA:11,41
DA:12,41
DA:13,2
DA:17,39
DA:18,39
DA:19,67
DA:21,39
LF:9
LH:9
BRDA:12,0,0,2
BRF:1
BRH:1
end_of_record
TN:
SF:src/services/provisioning-orchestrator.ts
FN:27,topologicalSort
FN:28,(anonymous_1)
FN:73,(anonymous_2)
FN:74,(anonymous_3)
FN:83,(anonymous_4)
FN:94,(anonymous_5)
FN:109,(anonymous_6)
FN:127,(anonymous_7)
FN:162,(anonymous_8)
FN:180,(anonymous_9)
FN:222,(anonymous_10)
FN:256,(anonymous_11)
FN:271,(anonymous_12)
FNF:13
FNH:13
FNDA:53,topologicalSort
FNDA:85,(anonymous_1)
FNDA:83,(anonymous_2)
FNDA:83,(anonymous_3)
FNDA:29,(anonymous_4)
FNDA:32,(anonymous_5)
FNDA:29,(anonymous_6)
FNDA:43,(anonymous_7)
FNDA:75,(anonymous_8)
FNDA:23,(anonymous_9)
FNDA:20,(anonymous_10)
FNDA:2,(anonymous_11)
FNDA:32,(anonymous_12)
DA:2,2
DA:3,2
DA:28,85
DA:30,53
DA:31,85
DA:32,35
DA:33,0
DA:38,53
DA:39,53
DA:41,53
DA:42,85
DA:43,85
DA:46,53
DA:47,85
DA:48,35
DA:49,35
DA:53,53
DA:54,53
DA:55,85
DA:58,53
DA:59,53
DA:60,83
DA:61,83
DA:62,83
DA:63,33
DA:64,33
DA:65,33
DA:69,53
DA:70,1
DA:73,83
DA:74,83
DA:77,2
DA:81,29
DA:88,29
DA:89,29
DA:90,29
DA:91,29
DA:95,32
DA:96,1
DA:99,31
DA:100,47
DA:101,1
DA:106,30
DA:113,29
DA:114,29
DA:115,29
DA:121,29
DA:123,29
DA:133,43
DA:134,43
DA:135,43
DA:136,20
DA:142,23
DA:143,10
DA:150,13
DA:158,43
DA:167,75
DA:168,75
DA:169,75
DA:176,75
DA:184,23
DA:185,23
DA:186,23
DA:188,23
DA:189,38
DA:191,38
DA:192,38
DA:193,16
DA:196,38
DA:201,37
DA:206,37
DA:208,37
DA:209,7
DA:210,7
DA:215,30
DA:216,30
DA:219,15
DA:226,20
DA:227,20
DA:228,20
DA:229,20
DA:240,20
DA:241,2
DA:244,20
DA:247,20
DA:248,2
DA:249,2
DA:250,2
DA:251,2
DA:257,2
DA:258,2
DA:277,32
DA:279,29
DA:280,27
DA:282,27
DA:283,27
DA:285,7
DA:287,6
DA:288,8
DA:289,8
DA:292,6
DA:293,6
DA:300,1
DA:305,1
DA:308,20
DA:309,20
DA:310,20
DA:311,13
DA:312,13
DA:314,7
DA:315,7
DA:316,7
DA:317,7
DA:319,20
DA:320,20
LF:115
LH:114
BRDA:32,0,0,0
BRDA:49,1,0,35
BRDA:49,1,1,0
BRDA:55,2,0,54
BRDA:62,3,0,83
BRDA:62,3,1,0
BRDA:63,4,0,33
BRDA:63,4,1,0
BRDA:65,5,0,29
BRDA:69,6,0,1
BRDA:95,7,0,1
BRDA:100,8,0,1
BRDA:135,9,0,20
BRDA:135,9,1,23
BRDA:140,10,0,20
BRDA:140,10,1,0
BRDA:142,11,0,10
BRDA:142,11,1,13
BRDA:147,12,0,10
BRDA:147,12,1,0
BRDA:193,13,0,16
BRDA:193,13,1,0
BRDA:208,14,0,7
BRDA:211,15,0,7
BRDA:211,15,1,0
BRDA:240,16,0,2
BRDA:247,17,0,2
BRDA:249,18,0,2
BRDA:261,19,0,2
BRDA:261,19,1,0
BRDA:285,20,0,6
BRDA:303,21,0,1
BRDA:303,21,1,0
BRDA:314,22,0,7
BRDA:314,22,1,0
BRF:35
BRH:24
end_of_record
TN:
SF:src/services/queue-manager.ts
FN:23,(anonymous_0)
FN:27,(anonymous_1)
FN:60,(anonymous_2)
FNF:3
FNH:3
FNDA:4,(anonymous_0)
FNDA:4,(anonymous_1)
FNDA:2,(anonymous_2)
DA:20,1
DA:24,4
DA:28,4
DA:29,4
DA:30,4
DA:39,3
DA:49,3
DA:50,3
DA:52,3
DA:60,3
DA:67,3
DA:73,4
LF:12
LH:12
BRDA:49,0,0,3
BRDA:49,0,1,2
BRDA:52,1,0,1
BRDA:52,1,1,2
BRF:4
BRH:4
end_of_record
TN:
SF:src/validation/provisioning-validator.ts
FN:10,(anonymous_0)
FN:20,(anonymous_1)
FN:25,(anonymous_2)
FN:51,(anonymous_3)
FN:66,(anonymous_4)
FN:67,(anonymous_5)
FNF:6
FNH:6
FNDA:14,(anonymous_0)
FNDA:19,(anonymous_1)
FNDA:16,(anonymous_2)
FNDA:2,(anonymous_3)
FNDA:9,(anonymous_4)
FNDA:13,(anonymous_5)
DA:2,1
DA:6,1
DA:9,1
DA:11,14
DA:12,14
DA:16,1
DA:21,19
DA:22,19
DA:31,16
DA:32,3
DA:34,13
DA:35,2
DA:37,11
DA:38,2
DA:40,9
DA:41,3
DA:43,6
DA:44,7
DA:45,1
DA:48,5
DA:52,2
DA:53,2
DA:54,2
DA:58,2
DA:59,1
DA:62,2
DA:67,13
DA:69,9
DA:70,13
DA:71,6
DA:72,1
DA:77,8
DA:78,8
DA:80,8
DA:81,12
DA:82,12
DA:85,8
DA:86,12
DA:87,5
DA:88,5
DA:92,8
DA:93,8
DA:94,12
DA:97,8
DA:98,8
DA:99,8
DA:100,8
DA:101,8
DA:102,1
DA:103,1
DA:104,1
DA:108,8
DA:109,2
LF:53
LH:53
BRDA:31,0,0,3
BRDA:31,1,0,16
BRDA:31,1,1,14
BRDA:31,1,2,14
BRDA:34,2,0,2
BRDA:37,3,0,2
BRDA:37,4,0,11
BRDA:37,4,1,10
BRDA:40,5,0,3
BRDA:40,6,0,9
BRDA:40,6,1,8
BRDA:44,7,0,1
BRDA:58,8,0,1
BRDA:71,9,0,1
BRDA:88,10,0,5
BRDA:88,10,1,0
BRDA:94,11,0,7
BRDA:101,12,0,8
BRDA:101,12,1,0
BRDA:102,13,0,1
BRDA:102,13,1,0
BRDA:104,14,0,1
BRDA:108,15,0,2
BRF:23
BRH:20
end_of_record
